A D/a29k////
A D/alpha////
A D/arm////
A D/clipper////
A D/cray////
A D/generic////
A D/hppa////
A D/i960////
A D/ia64////
A D/lisp////
A D/m68k////
A D/m88k////
A D/mips2////
A D/mips3////
A D/mips32////
A D/mips64////
A D/ns32k////
A D/pa32////
A D/pa64////
A D/pa64w////
A D/power////
A D/powerpc32////
A D/powerpc64////
A D/pyr////
A D/s390////
A D/sh////
A D/sparc32////
A D/sparc64////
A D/tests////
A D/thumb////
A D/vax////
A D/x86////
A D/x86_64////
A D/z8000////
A D/z8000x////
R D/tests////
R D/pa64w////
R D/mips3////
R D/mips2////
R D/hppa////
